<?xml version="1.0" encoding="UTF-8"?>
<!-- Generated by org.testng.reporters.JUnitXMLReporter -->
<testsuite ignored="0" hostname="DESKTOP-9G9VN1G" failures="0" tests="6" name="Default test" time="114.221" errors="0" timestamp="2026-06-09T19:44:26 IST">
  <testcase classname="testcases.AutomationExercise_all_Testcases" name="loginTest" time="13.984"/>
  <testcase classname="testcases.AutomationExercise_all_Testcases" name="productSelection" time="79.266"/>
  <testcase classname="testcases.AutomationExercise_all_Testcases" name="cartPage" time="5.786"/>
  <testcase classname="testcases.AutomationExercise_all_Testcases" name="checkoutPage" time="3.784"/>
  <testcase classname="testcases.AutomationExercise_all_Testcases" name="paymentOrder" time="4.938"/>
  <testcase classname="testcases.AutomationExercise_all_Testcases" name="logoutApp" time="5.841"/>
</testsuite> <!-- Default test -->
