<?xml version="1.0" encoding="UTF-8"?>
<!-- Generated by org.testng.reporters.JUnitXMLReporter -->
<testsuite ignored="0" hostname="DESKTOP-9G9VN1G" failures="1" tests="6" name="Test" time="78.323" errors="0" timestamp="2026-06-12T11:43:47 IST">
  <testcase classname="testcases.AutomationExercise_all_Testcases" name="loginTest" time="24.352"/>
  <testcase classname="testcases.AutomationExercise_all_Testcases" name="productSelection" time="30.482"/>
  <testcase classname="testcases.AutomationExercise_all_Testcases" name="cartPage" time="4.931"/>
  <testcase classname="testcases.AutomationExercise_all_Testcases" name="checkoutPage" time="2.473"/>
  <testcase classname="testcases.AutomationExercise_all_Testcases" name="paymentOrder" time="15.21">
    <failure type="org.openqa.selenium.TimeoutException" message="Expected condition failed: waiting for url to contain &amp;quot;payment&amp;quot;. Current url: &amp;quot;https://automationexercise.com/checkout#google_vignette&amp;quot; (tried for 15 second(s) with 500 milliseconds interval)
Build info: version: &amp;apos;4.38.0&amp;apos;, revision: &amp;apos;6b412e825c*&amp;apos;
System info: os.name: &amp;apos;Windows 11&amp;apos;, os.arch: &amp;apos;amd64&amp;apos;, os.version: &amp;apos;10.0&amp;apos;, java.version: &amp;apos;17.0.12&amp;apos;
Driver info: org.openqa.selenium.chrome.ChromeDriver
Capabilities {acceptInsecureCerts: false, browserName: chrome, browserVersion: 149.0.7827.102, chrome: {chromedriverVersion: 149.0.7827.115 (daf70f9ddee..., userDataDir: C:\Users\DELL\AppData\Local...}, fedcm:accounts: true, goog:chromeOptions: {debuggerAddress: localhost:60127}, goog:processID: 19408, networkConnectionEnabled: false, pageLoadStrategy: normal, platformName: windows, proxy: Proxy(), se:cdp: ws://localhost:60127/devtoo..., se:cdpVersion: 149.0.7827.102, setWindowRect: true, strictFileInteractability: false, timeouts: {implicit: 0, pageLoad: 300000, script: 30000}, unhandledPromptBehavior: dismiss and notify, webauthn:extension:credBlob: true, webauthn:extension:largeBlob: true, webauthn:extension:minPinLength: true, webauthn:extension:prf: true, webauthn:virtualAuthenticators: true}
Session ID: 7dd8c762b4c25f0541d17402f4232e64">
      <![CDATA[org.openqa.selenium.TimeoutException: Expected condition failed: waiting for url to contain "payment". Current url: "https://automationexercise.com/checkout#google_vignette" (tried for 15 second(s) with 500 milliseconds interval)
Build info: version: '4.38.0', revision: '6b412e825c*'
System info: os.name: 'Windows 11', os.arch: 'amd64', os.version: '10.0', java.version: '17.0.12'
Driver info: org.openqa.selenium.chrome.ChromeDriver
Capabilities {acceptInsecureCerts: false, browserName: chrome, browserVersion: 149.0.7827.102, chrome: {chromedriverVersion: 149.0.7827.115 (daf70f9ddee..., userDataDir: C:\Users\DELL\AppData\Local...}, fedcm:accounts: true, goog:chromeOptions: {debuggerAddress: localhost:60127}, goog:processID: 19408, networkConnectionEnabled: false, pageLoadStrategy: normal, platformName: windows, proxy: Proxy(), se:cdp: ws://localhost:60127/devtoo..., se:cdpVersion: 149.0.7827.102, setWindowRect: true, strictFileInteractability: false, timeouts: {implicit: 0, pageLoad: 300000, script: 30000}, unhandledPromptBehavior: dismiss and notify, webauthn:extension:credBlob: true, webauthn:extension:largeBlob: true, webauthn:extension:minPinLength: true, webauthn:extension:prf: true, webauthn:virtualAuthenticators: true}
Session ID: 7dd8c762b4c25f0541d17402f4232e64
at org.openqa.selenium.support.ui.WebDriverWait.timeoutException(WebDriverWait.java:84)
at org.openqa.selenium.support.ui.FluentWait.until(FluentWait.java:228)
at testcases.AutomationExercise_all_Testcases.paymentOrder(AutomationExercise_all_Testcases.java:147)
at java.base/java.util.ArrayList.forEach(ArrayList.java:1511)
... Removed 27 stack frames]]>
    </failure>
  </testcase> <!-- paymentOrder -->
  <testcase classname="testcases.AutomationExercise_all_Testcases" name="logoutApp" time="0.0">
    <skipped/>
  </testcase> <!-- logoutApp -->
</testsuite> <!-- Test -->
