<?xml version="1.0" encoding="UTF-8"?>
<testng-results ignored="0" total="6" passed="4" failed="1" skipped="1">
  <reporter-output>
  </reporter-output>
  <suite started-at="2026-06-12T11:42:28 IST" name="Suite" finished-at="2026-06-12T11:43:47 IST" duration-ms="78323">
    <groups>
    </groups>
    <test started-at="2026-06-12T11:42:28 IST" name="Test" finished-at="2026-06-12T11:43:47 IST" duration-ms="78323">
      <class name="testcases.AutomationExercise_all_Testcases">
        <test-method is-config="true" signature="setup()[pri:0, instance:testcases.AutomationExercise_all_Testcases@4ee203eb]" started-at="2026-06-12T11:42:10 IST" name="setup" finished-at="2026-06-12T11:42:28 IST" duration-ms="17853" status="PASS">
          <reporter-output>
          </reporter-output>
        </test-method> <!-- setup -->
        <test-method signature="loginTest()[pri:1, instance:testcases.AutomationExercise_all_Testcases@4ee203eb]" started-at="2026-06-12T11:42:29 IST" name="loginTest" finished-at="2026-06-12T11:42:53 IST" duration-ms="24352" status="PASS">
          <reporter-output>
          </reporter-output>
        </test-method> <!-- loginTest -->
        <test-method signature="productSelection()[pri:2, instance:testcases.AutomationExercise_all_Testcases@4ee203eb]" started-at="2026-06-12T11:42:53 IST" name="productSelection" finished-at="2026-06-12T11:43:24 IST" depends-on-methods="testcases.AutomationExercise_all_Testcases.loginTest" duration-ms="30482" status="PASS">
          <reporter-output>
          </reporter-output>
        </test-method> <!-- productSelection -->
        <test-method signature="cartPage()[pri:3, instance:testcases.AutomationExercise_all_Testcases@4ee203eb]" started-at="2026-06-12T11:43:24 IST" name="cartPage" finished-at="2026-06-12T11:43:29 IST" depends-on-methods="testcases.AutomationExercise_all_Testcases.productSelection" duration-ms="4931" status="PASS">
          <reporter-output>
          </reporter-output>
        </test-method> <!-- cartPage -->
        <test-method signature="checkoutPage()[pri:4, instance:testcases.AutomationExercise_all_Testcases@4ee203eb]" started-at="2026-06-12T11:43:29 IST" name="checkoutPage" finished-at="2026-06-12T11:43:31 IST" depends-on-methods="testcases.AutomationExercise_all_Testcases.cartPage" duration-ms="2473" status="PASS">
          <reporter-output>
          </reporter-output>
        </test-method> <!-- checkoutPage -->
        <test-method signature="paymentOrder()[pri:5, instance:testcases.AutomationExercise_all_Testcases@4ee203eb]" started-at="2026-06-12T11:43:31 IST" name="paymentOrder" finished-at="2026-06-12T11:43:47 IST" depends-on-methods="testcases.AutomationExercise_all_Testcases.checkoutPage" duration-ms="15210" status="FAIL">
          <exception class="org.openqa.selenium.TimeoutException">
            <message>
              <![CDATA[Expected condition failed: waiting for url to contain "payment". Current url: "https://automationexercise.com/checkout#google_vignette" (tried for 15 second(s) with 500 milliseconds interval)
Build info: version: '4.38.0', revision: '6b412e825c*'
System info: os.name: 'Windows 11', os.arch: 'amd64', os.version: '10.0', java.version: '17.0.12'
Driver info: org.openqa.selenium.chrome.ChromeDriver
Capabilities {acceptInsecureCerts: false, browserName: chrome, browserVersion: 149.0.7827.102, chrome: {chromedriverVersion: 149.0.7827.115 (daf70f9ddee..., userDataDir: C:\Users\DELL\AppData\Local...}, fedcm:accounts: true, goog:chromeOptions: {debuggerAddress: localhost:60127}, goog:processID: 19408, networkConnectionEnabled: false, pageLoadStrategy: normal, platformName: windows, proxy: Proxy(), se:cdp: ws://localhost:60127/devtoo..., se:cdpVersion: 149.0.7827.102, setWindowRect: true, strictFileInteractability: false, timeouts: {implicit: 0, pageLoad: 300000, script: 30000}, unhandledPromptBehavior: dismiss and notify, webauthn:extension:credBlob: true, webauthn:extension:largeBlob: true, webauthn:extension:minPinLength: true, webauthn:extension:prf: true, webauthn:virtualAuthenticators: true}
Session ID: 7dd8c762b4c25f0541d17402f4232e64]]>
            </message>
            <full-stacktrace>
              <![CDATA[org.openqa.selenium.TimeoutException: Expected condition failed: waiting for url to contain "payment". Current url: "https://automationexercise.com/checkout#google_vignette" (tried for 15 second(s) with 500 milliseconds interval)
Build info: version: '4.38.0', revision: '6b412e825c*'
System info: os.name: 'Windows 11', os.arch: 'amd64', os.version: '10.0', java.version: '17.0.12'
Driver info: org.openqa.selenium.chrome.ChromeDriver
Capabilities {acceptInsecureCerts: false, browserName: chrome, browserVersion: 149.0.7827.102, chrome: {chromedriverVersion: 149.0.7827.115 (daf70f9ddee..., userDataDir: C:\Users\DELL\AppData\Local...}, fedcm:accounts: true, goog:chromeOptions: {debuggerAddress: localhost:60127}, goog:processID: 19408, networkConnectionEnabled: false, pageLoadStrategy: normal, platformName: windows, proxy: Proxy(), se:cdp: ws://localhost:60127/devtoo..., se:cdpVersion: 149.0.7827.102, setWindowRect: true, strictFileInteractability: false, timeouts: {implicit: 0, pageLoad: 300000, script: 30000}, unhandledPromptBehavior: dismiss and notify, webauthn:extension:credBlob: true, webauthn:extension:largeBlob: true, webauthn:extension:minPinLength: true, webauthn:extension:prf: true, webauthn:virtualAuthenticators: true}
Session ID: 7dd8c762b4c25f0541d17402f4232e64
at org.openqa.selenium.support.ui.WebDriverWait.timeoutException(WebDriverWait.java:84)
at org.openqa.selenium.support.ui.FluentWait.until(FluentWait.java:228)
at testcases.AutomationExercise_all_Testcases.paymentOrder(AutomationExercise_all_Testcases.java:147)
at java.base/jdk.internal.reflect.NativeMethodAccessorImpl.invoke0(Native Method)
at java.base/jdk.internal.reflect.NativeMethodAccessorImpl.invoke(NativeMethodAccessorImpl.java:77)
at java.base/jdk.internal.reflect.DelegatingMethodAccessorImpl.invoke(DelegatingMethodAccessorImpl.java:43)
at java.base/java.lang.reflect.Method.invoke(Method.java:568)
at org.testng.internal.invokers.MethodInvocationHelper.invokeMethod(MethodInvocationHelper.java:141)
at org.testng.internal.invokers.TestInvoker.invokeMethod(TestInvoker.java:687)
at org.testng.internal.invokers.TestInvoker.invokeTestMethod(TestInvoker.java:230)
at org.testng.internal.invokers.MethodRunner.runInSequence(MethodRunner.java:63)
at org.testng.internal.invokers.TestInvoker$MethodInvocationAgent.invoke(TestInvoker.java:995)
at org.testng.internal.invokers.TestInvoker.invokeTestMethods(TestInvoker.java:203)
at org.testng.internal.invokers.TestMethodWorker.invokeTestMethods(TestMethodWorker.java:154)
at org.testng.internal.invokers.TestMethodWorker.run(TestMethodWorker.java:134)
at java.base/java.util.ArrayList.forEach(ArrayList.java:1511)
at org.testng.TestRunner.privateRun(TestRunner.java:741)
at org.testng.TestRunner.run(TestRunner.java:616)
at org.testng.SuiteRunner.runTest(SuiteRunner.java:421)
at org.testng.SuiteRunner.runSequentially(SuiteRunner.java:413)
at org.testng.SuiteRunner.privateRun(SuiteRunner.java:373)
at org.testng.SuiteRunner.run(SuiteRunner.java:312)
at org.testng.SuiteRunnerWorker.runSuite(SuiteRunnerWorker.java:52)
at org.testng.SuiteRunnerWorker.run(SuiteRunnerWorker.java:95)
at org.testng.TestNG.runSuitesSequentially(TestNG.java:1274)
at org.testng.TestNG.runSuitesLocally(TestNG.java:1208)
at org.testng.TestNG.runSuites(TestNG.java:1112)
at org.testng.TestNG.run(TestNG.java:1079)
at org.testng.remote.AbstractRemoteTestNG.run(AbstractRemoteTestNG.java:115)
at org.testng.remote.RemoteTestNG.initAndRun(RemoteTestNG.java:293)
at org.testng.remote.RemoteTestNG.main(RemoteTestNG.java:91)
]]>
            </full-stacktrace>
          </exception> <!-- org.openqa.selenium.TimeoutException -->
          <reporter-output>
          </reporter-output>
        </test-method> <!-- paymentOrder -->
        <test-method signature="logoutApp()[pri:6, instance:testcases.AutomationExercise_all_Testcases@4ee203eb]" started-at="2026-06-12T11:43:47 IST" name="logoutApp" finished-at="2026-06-12T11:43:47 IST" depends-on-methods="testcases.AutomationExercise_all_Testcases.paymentOrder" duration-ms="0" status="SKIP">
          <exception class="java.lang.Throwable">
            <message>
              <![CDATA[Method testcases.AutomationExercise_all_Testcases.logoutApp() on instance testcases.AutomationExercise_all_Testcases@4ee203eb depends on not successfully finished methods 
[testcases.AutomationExercise_all_Testcases.paymentOrder() on instance testcases.AutomationExercise_all_Testcases@4ee203eb]]]>
            </message>
            <full-stacktrace>
              <![CDATA[java.lang.Throwable: Method testcases.AutomationExercise_all_Testcases.logoutApp() on instance testcases.AutomationExercise_all_Testcases@4ee203eb depends on not successfully finished methods 
[testcases.AutomationExercise_all_Testcases.paymentOrder() on instance testcases.AutomationExercise_all_Testcases@4ee203eb]
at org.testng.internal.invokers.TestInvoker.invokeTestMethods(TestInvoker.java:159)
at org.testng.internal.invokers.TestMethodWorker.invokeTestMethods(TestMethodWorker.java:154)
at org.testng.internal.invokers.TestMethodWorker.run(TestMethodWorker.java:134)
at java.base/java.util.ArrayList.forEach(ArrayList.java:1511)
at org.testng.TestRunner.privateRun(TestRunner.java:741)
at org.testng.TestRunner.run(TestRunner.java:616)
at org.testng.SuiteRunner.runTest(SuiteRunner.java:421)
at org.testng.SuiteRunner.runSequentially(SuiteRunner.java:413)
at org.testng.SuiteRunner.privateRun(SuiteRunner.java:373)
at org.testng.SuiteRunner.run(SuiteRunner.java:312)
at org.testng.SuiteRunnerWorker.runSuite(SuiteRunnerWorker.java:52)
at org.testng.SuiteRunnerWorker.run(SuiteRunnerWorker.java:95)
at org.testng.TestNG.runSuitesSequentially(TestNG.java:1274)
at org.testng.TestNG.runSuitesLocally(TestNG.java:1208)
at org.testng.TestNG.runSuites(TestNG.java:1112)
at org.testng.TestNG.run(TestNG.java:1079)
at org.testng.remote.AbstractRemoteTestNG.run(AbstractRemoteTestNG.java:115)
at org.testng.remote.RemoteTestNG.initAndRun(RemoteTestNG.java:293)
at org.testng.remote.RemoteTestNG.main(RemoteTestNG.java:91)
]]>
            </full-stacktrace>
          </exception> <!-- java.lang.Throwable -->
          <reporter-output>
          </reporter-output>
        </test-method> <!-- logoutApp -->
        <test-method is-config="true" signature="tearDown()[pri:0, instance:testcases.AutomationExercise_all_Testcases@4ee203eb]" started-at="2026-06-12T11:43:47 IST" name="tearDown" finished-at="2026-06-12T11:43:47 IST" duration-ms="516" status="PASS">
          <reporter-output>
          </reporter-output>
        </test-method> <!-- tearDown -->
      </class> <!-- testcases.AutomationExercise_all_Testcases -->
    </test> <!-- Test -->
  </suite> <!-- Suite -->
</testng-results>
